e:\work\coding\github_repo\a-star-pathfinding\a-star-gui\a-star-gui\x64\debug\a-star-gui.pch
e:\work\coding\github_repo\a-star-pathfinding\a-star-gui\a-star-gui\x64\debug\vc143.pdb
e:\work\coding\github_repo\a-star-pathfinding\a-star-gui\a-star-gui\x64\debug\vc143.idb
e:\work\coding\github_repo\a-star-pathfinding\a-star-gui\a-star-gui\x64\debug\pch.obj
e:\work\coding\github_repo\a-star-pathfinding\a-star-gui\a-star-gui\x64\debug\a-star-guidlg.obj
e:\work\coding\github_repo\a-star-pathfinding\a-star-gui\a-star-gui\x64\debug\a-star-gui.obj
e:\work\coding\github_repo\a-star-pathfinding\a-star-gui\a-star-gui\x64\debug\astarsearch.obj
e:\work\coding\github_repo\a-star-pathfinding\a-star-gui\a-star-gui\x64\debug\a-star-gui.ilk
e:\work\coding\github_repo\a-star-pathfinding\a-star-gui\x64\debug\a-star-gui.exe
e:\work\coding\github_repo\a-star-pathfinding\a-star-gui\x64\debug\a-star-gui.pdb
e:\work\coding\github_repo\a-star-pathfinding\a-star-gui\a-star-gui\x64\debug\astargui.res
e:\work\coding\github_repo\a-star-pathfinding\a-star-gui\a-star-gui\x64\debug\a-star-gui.tlog\cl.command.1.tlog
e:\work\coding\github_repo\a-star-pathfinding\a-star-gui\a-star-gui\x64\debug\a-star-gui.tlog\cl.read.1.tlog
e:\work\coding\github_repo\a-star-pathfinding\a-star-gui\a-star-gui\x64\debug\a-star-gui.tlog\cl.write.1.tlog
e:\work\coding\github_repo\a-star-pathfinding\a-star-gui\a-star-gui\x64\debug\a-star-gui.tlog\link.command.1.tlog
e:\work\coding\github_repo\a-star-pathfinding\a-star-gui\a-star-gui\x64\debug\a-star-gui.tlog\link.read.1.tlog
e:\work\coding\github_repo\a-star-pathfinding\a-star-gui\a-star-gui\x64\debug\a-star-gui.tlog\link.write.1.tlog
e:\work\coding\github_repo\a-star-pathfinding\a-star-gui\a-star-gui\x64\debug\a-star-gui.tlog\rc.command.1.tlog
e:\work\coding\github_repo\a-star-pathfinding\a-star-gui\a-star-gui\x64\debug\a-star-gui.tlog\rc.read.1.tlog
e:\work\coding\github_repo\a-star-pathfinding\a-star-gui\a-star-gui\x64\debug\a-star-gui.tlog\rc.write.1.tlog
